[NX v22.3.3 Daemon Server] - 2026-01-14T15:45:47.612Z - Started listening on: /private/var/folders/91/kh4cys7d5p3_702v9_bfnj9w0000gn/T/e20f3af8954590770b47/d.sock
[NX v22.3.3 Daemon Server] - 2026-01-14T15:45:47.615Z - [WATCHER]: Subscribed to changes within: /Users/marco/Code/wrthwhl.github.io (native)
[NX v22.3.3 Daemon Server] - 2026-01-14T15:45:47.615Z - [NX-CONSOLE]: Pulling latest Nx (latest) to check console status...
Fetching nx...
/bin/sh: yarn: command not found
[NX v22.3.3 Daemon Server] - 2026-01-14T15:45:47.625Z - [NX-CONSOLE]: Failed to use latest Nx, falling back to local implementation. Error: Cannot determine the version of yarn.
DEBUG nx::native::ide::install: Detected editor: VSCode
DEBUG nx::native::ide::install: Checking if Nx Console extension is installed with: code --list-extensions
DEBUG nx::native::ide::install: Nx Console extension is installed
[NX v22.3.3 Daemon Server] - 2026-01-14T15:45:47.964Z - [WATCHER]: Processing file changes in outputs
[NX v22.3.3 Daemon Server] - 2026-01-14T15:45:47.965Z - Established a connection. Number of open connections: 1
[NX v22.3.3 Daemon Server] - 2026-01-14T15:45:47.966Z - Established a connection. Number of open connections: 2
[NX v22.3.3 Daemon Server] - 2026-01-14T15:45:47.967Z - Closed a connection. Number of open connections: 1
[NX v22.3.3 Daemon Server] - 2026-01-14T15:45:47.967Z - Received raw message of length 32
[NX v22.3.3 Daemon Server] - 2026-01-14T15:45:47.968Z - Received json message of type GET_NX_CONSOLE_STATUS
[NX v22.3.3 Daemon Server] - 2026-01-14T15:45:47.968Z - Serializing response for GET_NX_CONSOLE_STATUS message in json mode
[NX v22.3.3 Daemon Server] - 2026-01-14T15:45:47.968Z - Responding to GET_NX_CONSOLE_STATUS message
[NX v22.3.3 Daemon Server] - 2026-01-14T15:45:47.968Z - [REQUEST]: Responding to the client. handleGetNxConsoleStatus
[NX v22.3.3 Daemon Server] - 2026-01-14T15:45:47.968Z - Done responding to the client handleGetNxConsoleStatus
[NX v22.3.3 Daemon Server] - 2026-01-14T15:45:47.968Z - Handled json message GET_NX_CONSOLE_STATUS. Handling time: 0. Response time: 0.
[NX v22.3.3 Daemon Server] - 2026-01-14T15:45:47.991Z - Closed a connection. Number of open connections: 0
Time for 'plugin worker 23306 code loading' 2.560834
Time for 'plugin worker 23305 code loading' 2.6106250000000006
Time for 'plugin worker 23307 code loading' 2.5614999999999988
[NX v22.3.3 Daemon Server] - 2026-01-14T15:45:48.122Z - Time taken for 'Load Nx Plugin: /Users/marco/Library/pnpm/global/5/.pnpm/nx@22.3.3/node_modules/nx/src/plugins/project-json/build-nodes/project-json' 159.13454199999995ms
[NX v22.3.3 Daemon Server] - 2026-01-14T15:45:48.122Z - Time taken for 'Load Nx Plugin: /Users/marco/Library/pnpm/global/5/.pnpm/nx@22.3.3/node_modules/nx/src/plugins/package-json' 159.54979200000002ms
[NX v22.3.3 Daemon Server] - 2026-01-14T15:45:48.126Z - [REQUEST]: Updated workspace context based on watched changes, recomputing project graph...
[NX v22.3.3 Daemon Server] - 2026-01-14T15:45:48.126Z - [REQUEST]: 
[NX v22.3.3 Daemon Server] - 2026-01-14T15:45:48.126Z - [REQUEST]: 
[NX v22.3.3 Daemon Server] - 2026-01-14T15:45:48.130Z - Time taken for 'loadDefaultNxPlugins' 164.37245800000005ms
Time for 'nx/core/package-json:createNodes' 0.4629590000000121
Time for 'nx/core/project-json:createNodes' 0.4143749999999784
Time for 'nx/js/dependencies-and-lockfile:createNodes' 134.095959
Unable to find local plugin [] Map(0) {}
Unable to find local plugin [] Map(0) {}
Unable to find local plugin [] Map(0) {}
Unable to find local plugin [] Map(0) {}
Unable to find local plugin [] Map(0) {}
Unable to find local plugin [] Map(0) {}
Unable to find local plugin [] Map(0) {}
Unable to find local plugin [] Map(0) {}
Unable to find local plugin [] Map(0) {}
Unable to find local plugin [] Map(0) {}
Unable to find local plugin [] Map(0) {}
Unable to find local plugin [] Map(0) {}
Unable to find local plugin [] Map(0) {}
Unable to find local plugin [] Map(0) {}
Unable to find local plugin [] Map(0) {}

 NX   Using `implicitDependencies` for global implicit dependencies configuration is no longer supported.

Use "namedInputs" instead. You can run "nx repair" to automatically migrate your configuration.
For more information about the usage of "namedInputs" see https://nx.dev/deprecated/global-implicit-dependencies#global-implicit-dependencies

[NX v22.3.3 Daemon Server] - 2026-01-14T15:45:48.290Z - Time taken for 'build-project-configs' 146.268375ms
Time for 'build typescript dependencies' 1.8835839999999848
[NX v22.3.3 Daemon Server] - 2026-01-14T15:45:48.326Z - [SYNC]: collect registered sync generators
[NX v22.3.3 Daemon Server] - 2026-01-14T15:45:48.326Z - Time taken for 'total execution time for createProjectGraph()' 40.47362499999997ms
[NX v22.3.3 Daemon Server] - 2026-01-14T15:45:59.846Z - Established a connection. Number of open connections: 1
[NX v22.3.3 Daemon Server] - 2026-01-14T15:45:59.847Z - Closed a connection. Number of open connections: 0
[NX v22.3.3 Daemon Server] - 2026-01-14T15:45:59.847Z - Established a connection. Number of open connections: 1
[NX v22.3.3 Daemon Server] - 2026-01-14T15:45:59.856Z - Received raw message of length 32
[NX v22.3.3 Daemon Server] - 2026-01-14T15:45:59.856Z - Received json message of type GET_NX_CONSOLE_STATUS
[NX v22.3.3 Daemon Server] - 2026-01-14T15:45:59.856Z - Serializing response for GET_NX_CONSOLE_STATUS message in json mode
[NX v22.3.3 Daemon Server] - 2026-01-14T15:45:59.856Z - Responding to GET_NX_CONSOLE_STATUS message
[NX v22.3.3 Daemon Server] - 2026-01-14T15:45:59.856Z - [REQUEST]: Responding to the client. handleGetNxConsoleStatus
[NX v22.3.3 Daemon Server] - 2026-01-14T15:45:59.856Z - Done responding to the client handleGetNxConsoleStatus
[NX v22.3.3 Daemon Server] - 2026-01-14T15:45:59.856Z - Handled json message GET_NX_CONSOLE_STATUS. Handling time: 0. Response time: 0.
[NX v22.3.3 Daemon Server] - 2026-01-14T15:45:59.892Z - Received raw message of length 32
[NX v22.3.3 Daemon Server] - 2026-01-14T15:45:59.892Z - Received json message of type REQUEST_PROJECT_GRAPH
[NX v22.3.3 Daemon Server] - 2026-01-14T15:45:59.892Z - [REQUEST]: Client Request for Project Graph Received
[NX v22.3.3 Daemon Server] - 2026-01-14T15:45:59.892Z - [REQUEST]: Updated workspace context based on watched changes, recomputing project graph...
[NX v22.3.3 Daemon Server] - 2026-01-14T15:45:59.892Z - [REQUEST]: 
[NX v22.3.3 Daemon Server] - 2026-01-14T15:45:59.892Z - [REQUEST]: 
[NX v22.3.3 Daemon Server] - 2026-01-14T15:45:59.896Z - No files changed, but no in-memory cached project graph found. Recomputing it...
[NX v22.3.3 Daemon Server] - 2026-01-14T15:45:59.897Z - Time taken for 'hash changed files from watcher' 0.15258299999914016ms
Time for 'nx/core/package-json:createNodes' 0.458041999998386
Time for 'nx/core/project-json:createNodes' 1.006082999998398
Time for 'nx/js/dependencies-and-lockfile:createNodes' 10.886875000000146
Unable to find local plugin [] Map(0) {}
Unable to find local plugin [] Map(0) {}
Unable to find local plugin [] Map(0) {}
Unable to find local plugin [] Map(0) {}
Unable to find local plugin [] Map(0) {}
Unable to find local plugin [] Map(0) {}
Unable to find local plugin [] Map(0) {}
Unable to find local plugin [] Map(0) {}
Unable to find local plugin [] Map(0) {}
Unable to find local plugin [] Map(0) {}
Unable to find local plugin [] Map(0) {}
Unable to find local plugin [] Map(0) {}
Unable to find local plugin [] Map(0) {}
Unable to find local plugin [] Map(0) {}
Unable to find local plugin [] Map(0) {}

 NX   Using `implicitDependencies` for global implicit dependencies configuration is no longer supported.

Use "namedInputs" instead. You can run "nx repair" to automatically migrate your configuration.
For more information about the usage of "namedInputs" see https://nx.dev/deprecated/global-implicit-dependencies#global-implicit-dependencies

[NX v22.3.3 Daemon Server] - 2026-01-14T15:45:59.923Z - Time taken for 'build-project-configs' 20.51979200000096ms
Time for 'build typescript dependencies' 1.6440419999998994
[NX v22.3.3 Daemon Server] - 2026-01-14T15:45:59.954Z - Wrote project graph cache to /Users/marco/Code/wrthwhl.github.io/.nx/workspace-data/project-graph.json
[NX v22.3.3 Daemon Server] - 2026-01-14T15:45:59.954Z - Serializing response for REQUEST_PROJECT_GRAPH message in json mode
[NX v22.3.3 Daemon Server] - 2026-01-14T15:45:59.954Z - Responding to REQUEST_PROJECT_GRAPH message
[NX v22.3.3 Daemon Server] - 2026-01-14T15:45:59.954Z - [REQUEST]: Responding to the client. project-graph
[NX v22.3.3 Daemon Server] - 2026-01-14T15:45:59.955Z - Time taken for 'total for creating and serializing project graph' 62.07524999999987ms
[NX v22.3.3 Daemon Server] - 2026-01-14T15:45:59.958Z - Done responding to the client project-graph
[NX v22.3.3 Daemon Server] - 2026-01-14T15:45:59.958Z - Handled json message REQUEST_PROJECT_GRAPH. Handling time: 62. Response time: 4.
[NX v22.3.3 Daemon Server] - 2026-01-14T15:45:59.964Z - Received raw message of length 1011
[NX v22.3.3 Daemon Server] - 2026-01-14T15:45:59.964Z - Received json message of type PRE_TASKS_EXECUTION
[NX v22.3.3 Daemon Server] - 2026-01-14T15:45:59.964Z - Serializing response for PRE_TASKS_EXECUTION message in json mode
[NX v22.3.3 Daemon Server] - 2026-01-14T15:45:59.964Z - Responding to PRE_TASKS_EXECUTION message
[NX v22.3.3 Daemon Server] - 2026-01-14T15:45:59.964Z - [REQUEST]: Responding to the client. handleRunPreTasksExecution
[NX v22.3.3 Daemon Server] - 2026-01-14T15:45:59.964Z - Done responding to the client handleRunPreTasksExecution
[NX v22.3.3 Daemon Server] - 2026-01-14T15:45:59.964Z - Handled json message PRE_TASKS_EXECUTION. Handling time: 0. Response time: 0.
[NX v22.3.3 Daemon Server] - 2026-01-14T15:45:59.964Z - Time taken for 'preTasksExecution' 0.3930000000000291ms
[NX v22.3.3 Daemon Server] - 2026-01-14T15:46:00.013Z - Closed a connection. Number of open connections: 0
[NX v22.3.3 Daemon Server] - 2026-01-14T15:49:09.158Z - Established a connection. Number of open connections: 1
[NX v22.3.3 Daemon Server] - 2026-01-14T15:49:09.160Z - Established a connection. Number of open connections: 2
[NX v22.3.3 Daemon Server] - 2026-01-14T15:49:09.160Z - Closed a connection. Number of open connections: 1
[NX v22.3.3 Daemon Server] - 2026-01-14T15:49:09.167Z - Received raw message of length 32
[NX v22.3.3 Daemon Server] - 2026-01-14T15:49:09.167Z - Received json message of type GET_NX_CONSOLE_STATUS
[NX v22.3.3 Daemon Server] - 2026-01-14T15:49:09.167Z - Serializing response for GET_NX_CONSOLE_STATUS message in json mode
[NX v22.3.3 Daemon Server] - 2026-01-14T15:49:09.167Z - Responding to GET_NX_CONSOLE_STATUS message
[NX v22.3.3 Daemon Server] - 2026-01-14T15:49:09.167Z - [REQUEST]: Responding to the client. handleGetNxConsoleStatus
[NX v22.3.3 Daemon Server] - 2026-01-14T15:49:09.168Z - Done responding to the client handleGetNxConsoleStatus
[NX v22.3.3 Daemon Server] - 2026-01-14T15:49:09.168Z - Handled json message GET_NX_CONSOLE_STATUS. Handling time: 0. Response time: 1.
[NX v22.3.3 Daemon Server] - 2026-01-14T15:49:09.203Z - Received raw message of length 32
[NX v22.3.3 Daemon Server] - 2026-01-14T15:49:09.203Z - Received json message of type REQUEST_PROJECT_GRAPH
[NX v22.3.3 Daemon Server] - 2026-01-14T15:49:09.203Z - [REQUEST]: Client Request for Project Graph Received
[NX v22.3.3 Daemon Server] - 2026-01-14T15:49:09.204Z - Reusing in-memory cached project graph because no files changed.
[NX v22.3.3 Daemon Server] - 2026-01-14T15:49:09.211Z - Wrote project graph cache to /Users/marco/Code/wrthwhl.github.io/.nx/workspace-data/project-graph.json
[NX v22.3.3 Daemon Server] - 2026-01-14T15:49:09.212Z - Serializing response for REQUEST_PROJECT_GRAPH message in json mode
[NX v22.3.3 Daemon Server] - 2026-01-14T15:49:09.212Z - Responding to REQUEST_PROJECT_GRAPH message
[NX v22.3.3 Daemon Server] - 2026-01-14T15:49:09.212Z - [REQUEST]: Responding to the client. project-graph
[NX v22.3.3 Daemon Server] - 2026-01-14T15:49:09.215Z - Time taken for 'total for creating and serializing project graph' 8.419166999985464ms
[NX v22.3.3 Daemon Server] - 2026-01-14T15:49:09.218Z - Done responding to the client project-graph
[NX v22.3.3 Daemon Server] - 2026-01-14T15:49:09.218Z - Handled json message REQUEST_PROJECT_GRAPH. Handling time: 9. Response time: 6.
[NX v22.3.3 Daemon Server] - 2026-01-14T15:49:09.224Z - Received raw message of length 1001
[NX v22.3.3 Daemon Server] - 2026-01-14T15:49:09.224Z - Received json message of type PRE_TASKS_EXECUTION
[NX v22.3.3 Daemon Server] - 2026-01-14T15:49:09.224Z - Serializing response for PRE_TASKS_EXECUTION message in json mode
[NX v22.3.3 Daemon Server] - 2026-01-14T15:49:09.224Z - Responding to PRE_TASKS_EXECUTION message
[NX v22.3.3 Daemon Server] - 2026-01-14T15:49:09.224Z - [REQUEST]: Responding to the client. handleRunPreTasksExecution
[NX v22.3.3 Daemon Server] - 2026-01-14T15:49:09.224Z - Done responding to the client handleRunPreTasksExecution
[NX v22.3.3 Daemon Server] - 2026-01-14T15:49:09.224Z - Handled json message PRE_TASKS_EXECUTION. Handling time: 0. Response time: 0.
[NX v22.3.3 Daemon Server] - 2026-01-14T15:49:09.224Z - Time taken for 'preTasksExecution' 0.056083999981638044ms
[NX v22.3.3 Daemon Server] - 2026-01-14T15:49:09.265Z - Closed a connection. Number of open connections: 0
[NX v22.3.3 Daemon Server] - 2026-01-14T15:49:23.764Z - Established a connection. Number of open connections: 1
[NX v22.3.3 Daemon Server] - 2026-01-14T15:49:23.765Z - Established a connection. Number of open connections: 2
[NX v22.3.3 Daemon Server] - 2026-01-14T15:49:23.765Z - Closed a connection. Number of open connections: 1
[NX v22.3.3 Daemon Server] - 2026-01-14T15:49:23.772Z - Received raw message of length 32
[NX v22.3.3 Daemon Server] - 2026-01-14T15:49:23.772Z - Received json message of type GET_NX_CONSOLE_STATUS
[NX v22.3.3 Daemon Server] - 2026-01-14T15:49:23.772Z - Serializing response for GET_NX_CONSOLE_STATUS message in json mode
[NX v22.3.3 Daemon Server] - 2026-01-14T15:49:23.772Z - Responding to GET_NX_CONSOLE_STATUS message
[NX v22.3.3 Daemon Server] - 2026-01-14T15:49:23.772Z - [REQUEST]: Responding to the client. handleGetNxConsoleStatus
[NX v22.3.3 Daemon Server] - 2026-01-14T15:49:23.772Z - Done responding to the client handleGetNxConsoleStatus
[NX v22.3.3 Daemon Server] - 2026-01-14T15:49:23.772Z - Handled json message GET_NX_CONSOLE_STATUS. Handling time: 0. Response time: 0.
[NX v22.3.3 Daemon Server] - 2026-01-14T15:49:23.806Z - Received raw message of length 32
[NX v22.3.3 Daemon Server] - 2026-01-14T15:49:23.806Z - Received json message of type REQUEST_PROJECT_GRAPH
[NX v22.3.3 Daemon Server] - 2026-01-14T15:49:23.806Z - [REQUEST]: Client Request for Project Graph Received
[NX v22.3.3 Daemon Server] - 2026-01-14T15:49:23.806Z - Reusing in-memory cached project graph because no files changed.
[NX v22.3.3 Daemon Server] - 2026-01-14T15:49:23.817Z - Wrote project graph cache to /Users/marco/Code/wrthwhl.github.io/.nx/workspace-data/project-graph.json
[NX v22.3.3 Daemon Server] - 2026-01-14T15:49:23.817Z - Serializing response for REQUEST_PROJECT_GRAPH message in json mode
[NX v22.3.3 Daemon Server] - 2026-01-14T15:49:23.817Z - Responding to REQUEST_PROJECT_GRAPH message
[NX v22.3.3 Daemon Server] - 2026-01-14T15:49:23.817Z - [REQUEST]: Responding to the client. project-graph
[NX v22.3.3 Daemon Server] - 2026-01-14T15:49:23.818Z - Time taken for 'total for creating and serializing project graph' 10.933082999981707ms
[NX v22.3.3 Daemon Server] - 2026-01-14T15:49:23.820Z - Done responding to the client project-graph
[NX v22.3.3 Daemon Server] - 2026-01-14T15:49:23.820Z - Handled json message REQUEST_PROJECT_GRAPH. Handling time: 11. Response time: 3.
[NX v22.3.3 Daemon Server] - 2026-01-14T15:49:23.826Z - Received raw message of length 1001
[NX v22.3.3 Daemon Server] - 2026-01-14T15:49:23.826Z - Received json message of type PRE_TASKS_EXECUTION
[NX v22.3.3 Daemon Server] - 2026-01-14T15:49:23.826Z - Serializing response for PRE_TASKS_EXECUTION message in json mode
[NX v22.3.3 Daemon Server] - 2026-01-14T15:49:23.826Z - Responding to PRE_TASKS_EXECUTION message
[NX v22.3.3 Daemon Server] - 2026-01-14T15:49:23.826Z - [REQUEST]: Responding to the client. handleRunPreTasksExecution
[NX v22.3.3 Daemon Server] - 2026-01-14T15:49:23.826Z - Done responding to the client handleRunPreTasksExecution
[NX v22.3.3 Daemon Server] - 2026-01-14T15:49:23.826Z - Handled json message PRE_TASKS_EXECUTION. Handling time: 0. Response time: 0.
[NX v22.3.3 Daemon Server] - 2026-01-14T15:49:23.826Z - Time taken for 'preTasksExecution' 0.06700000001001172ms
[NX v22.3.3 Daemon Server] - 2026-01-14T15:49:23.863Z - Closed a connection. Number of open connections: 0
[NX v22.3.3 Daemon Server] - 2026-01-14T15:50:31.311Z - Established a connection. Number of open connections: 1
[NX v22.3.3 Daemon Server] - 2026-01-14T15:50:31.312Z - Established a connection. Number of open connections: 2
[NX v22.3.3 Daemon Server] - 2026-01-14T15:50:31.313Z - Closed a connection. Number of open connections: 1
[NX v22.3.3 Daemon Server] - 2026-01-14T15:50:31.319Z - Received raw message of length 32
[NX v22.3.3 Daemon Server] - 2026-01-14T15:50:31.319Z - Received json message of type GET_NX_CONSOLE_STATUS
[NX v22.3.3 Daemon Server] - 2026-01-14T15:50:31.319Z - Serializing response for GET_NX_CONSOLE_STATUS message in json mode
[NX v22.3.3 Daemon Server] - 2026-01-14T15:50:31.319Z - Responding to GET_NX_CONSOLE_STATUS message
[NX v22.3.3 Daemon Server] - 2026-01-14T15:50:31.319Z - [REQUEST]: Responding to the client. handleGetNxConsoleStatus
[NX v22.3.3 Daemon Server] - 2026-01-14T15:50:31.319Z - Done responding to the client handleGetNxConsoleStatus
[NX v22.3.3 Daemon Server] - 2026-01-14T15:50:31.319Z - Handled json message GET_NX_CONSOLE_STATUS. Handling time: 0. Response time: 0.
[NX v22.3.3 Daemon Server] - 2026-01-14T15:50:31.358Z - Received raw message of length 32
[NX v22.3.3 Daemon Server] - 2026-01-14T15:50:31.358Z - Received json message of type REQUEST_PROJECT_GRAPH
[NX v22.3.3 Daemon Server] - 2026-01-14T15:50:31.359Z - [REQUEST]: Client Request for Project Graph Received
[NX v22.3.3 Daemon Server] - 2026-01-14T15:50:31.359Z - Reusing in-memory cached project graph because no files changed.
[NX v22.3.3 Daemon Server] - 2026-01-14T15:50:31.373Z - Wrote project graph cache to /Users/marco/Code/wrthwhl.github.io/.nx/workspace-data/project-graph.json
[NX v22.3.3 Daemon Server] - 2026-01-14T15:50:31.373Z - Serializing response for REQUEST_PROJECT_GRAPH message in json mode
[NX v22.3.3 Daemon Server] - 2026-01-14T15:50:31.373Z - Responding to REQUEST_PROJECT_GRAPH message
[NX v22.3.3 Daemon Server] - 2026-01-14T15:50:31.373Z - [REQUEST]: Responding to the client. project-graph
[NX v22.3.3 Daemon Server] - 2026-01-14T15:50:31.375Z - Time taken for 'total for creating and serializing project graph' 14.794541999988724ms
[NX v22.3.3 Daemon Server] - 2026-01-14T15:50:31.378Z - Done responding to the client project-graph
[NX v22.3.3 Daemon Server] - 2026-01-14T15:50:31.378Z - Handled json message REQUEST_PROJECT_GRAPH. Handling time: 15. Response time: 5.
[NX v22.3.3 Daemon Server] - 2026-01-14T15:50:31.383Z - Received raw message of length 1001
[NX v22.3.3 Daemon Server] - 2026-01-14T15:50:31.383Z - Received json message of type PRE_TASKS_EXECUTION
[NX v22.3.3 Daemon Server] - 2026-01-14T15:50:31.383Z - Serializing response for PRE_TASKS_EXECUTION message in json mode
[NX v22.3.3 Daemon Server] - 2026-01-14T15:50:31.383Z - Responding to PRE_TASKS_EXECUTION message
[NX v22.3.3 Daemon Server] - 2026-01-14T15:50:31.383Z - [REQUEST]: Responding to the client. handleRunPreTasksExecution
[NX v22.3.3 Daemon Server] - 2026-01-14T15:50:31.383Z - Done responding to the client handleRunPreTasksExecution
[NX v22.3.3 Daemon Server] - 2026-01-14T15:50:31.383Z - Handled json message PRE_TASKS_EXECUTION. Handling time: 0. Response time: 0.
[NX v22.3.3 Daemon Server] - 2026-01-14T15:50:31.383Z - Time taken for 'preTasksExecution' 0.07187500002328306ms
[NX v22.3.3 Daemon Server] - 2026-01-14T15:50:31.422Z - Closed a connection. Number of open connections: 0
[NX v22.3.3 Daemon Server] - 2026-01-14T15:52:06.009Z - [WATCHER]: Processing file changes in outputs
[NX v22.3.3 Daemon Server] - 2026-01-14T15:52:06.009Z - [WATCHER]: Stopping the watcher for /Users/marco/Code/wrthwhl.github.io (sources)
[NX v22.3.3 Daemon Server] - 2026-01-14T15:52:06.011Z - [WATCHER]: Stopping the watcher for /Users/marco/Code/wrthwhl.github.io (outputs)
[NX v22.3.3 Daemon Server] - 2026-01-14T15:52:06.012Z - Server stopped because: "LOCK_FILES_CHANGED"
